#
# A fatal error has been detected by the Java Runtime Environment:
#
#  EXCEPTION_ACCESS_VIOLATION (0xc0000005) at pc=0x0000000071488f53, pid=10912, tid=7184
#
# JRE version: Java(TM) SE Runtime Environment (8.0_91-b15) (build 1.8.0_91-b15)
# Java VM: Java HotSpot(TM) 64-Bit Server VM (25.91-b15 mixed mode windows-amd64 compressed oops)
# Problematic frame:
# V  [jvm.dll+0x128f53]
#
# Failed to write core dump. Minidumps are not enabled by default on client versions of Windows
#
# If you would like to submit a bug report, please visit:
#   http://bugreport.java.com/bugreport/crash.jsp
#

---------------  T H R E A D  ---------------

Current thread (0x0000000019bf1800):  JavaThread "JDWP Transport Listener: dt_socket" daemon [_thread_in_vm, id=7184, stack(0x000000001b560000,0x000000001b660000)]

siginfo: ExceptionCode=0xc0000005, reading address 0x0000001700000000

Registers:
RAX=0x000000001b65f301, RBX=0x0000001700000000, RCX=0x000000001eb64910, RDX=0x0000000000000000
RSP=0x000000001b65f350, RBP=0x000000001eb64910, RSI=0x000000001b65f468, RDI=0x0000000000ebe7f0
R8 =0x0000000019bf1800, R9 =0x0000000000008000, R10=0x676e616c2f617661, R11=0x000000001d44e69e
R12=0x0000000000000000, R13=0x0000000019bf92e8, R14=0x0000000000000000, R15=0x0000000000000000
RIP=0x0000000071488f53, EFLAGS=0x0000000000010216

Top of Stack: (sp=0x000000001b65f350)
0x000000001b65f350:   0000000019bf1800 0000000019bf1800
0x000000001b65f360:   000000001b65f418 000000007168f32b
0x000000001b65f370:   0000000019bf1800 00000000716abb8d
0x000000001b65f380:   0000000000000063 0000000070e69155
0x000000001b65f390:   000000001b2286f0 0000000070e7291e
0x000000001b65f3a0:   0000000019bf1800 0000000000000000
0x000000001b65f3b0:   0000000000000000 0000000000000000
0x000000001b65f3c0:   000000001eb64910 0000000070e71a15
0x000000001b65f3d0:   000000001b65f468 000000001b65f440
0x000000001b65f3e0:   0000000000000001 000000001b2286f0
0x000000001b65f3f0:   000000001eb64910 0000000070e553b3
0x000000001b65f400:   000000001b65f530 0000000000000001
0x000000001b65f410:   0000000000000001 000000001b2286f0
0x000000001b65f420:   0000000000000001 0000000000000000
0x000000001b65f430:   0000000000000000 0000000000000000
0x000000001b65f440:   0000000000000001 0000000070e55571 

Instructions: (pc=0x0000000071488f53)
0x0000000071488f33:   28 48 85 c9 75 07 33 c0 48 83 c4 28 c3 48 89 5c
0x0000000071488f43:   24 20 48 8b 19 48 85 db 74 20 48 83 fb 37 74 1a
0x0000000071488f53:   48 8b 13 48 8b cb ff 52 10 84 c0 74 0d 48 8b c3
0x0000000071488f63:   48 8b 5c 24 20 48 83 c4 28 c3 33 c0 48 8b 5c 24 


Register to memory mapping:

RAX=0x000000001b65f301 is pointing into the stack for thread: 0x0000000019bf1800
RBX=0x0000001700000000 is an unknown value
RCX=0x000000001eb64910 is an unknown value
RDX=0x0000000000000000 is an unknown value
RSP=0x000000001b65f350 is pointing into the stack for thread: 0x0000000019bf1800
RBP=0x000000001eb64910 is an unknown value
RSI=0x000000001b65f468 is pointing into the stack for thread: 0x0000000019bf1800
RDI=0x0000000000ebe7f0 is an unknown value
R8 =0x0000000019bf1800 is a thread
R9 =0x0000000000008000 is an unknown value
R10=0x676e616c2f617661 is an unknown value
R11=0x000000001d44e69e is an unknown value
R12=0x0000000000000000 is an unknown value
R13=0x0000000019bf92e8 is an unknown value
R14=0x0000000000000000 is an unknown value
R15=0x0000000000000000 is an unknown value


Stack: [0x000000001b560000,0x000000001b660000],  sp=0x000000001b65f350,  free space=1020k
Native frames: (J=compiled Java code, j=interpreted, Vv=VM code, C=native code)
V  [jvm.dll+0x128f53]
V  [jvm.dll+0x34bb8d]
C  [jdwp.dll+0x21a15]
C  [jdwp.dll+0x53b3]
C  [jdwp.dll+0x5571]
C  [jdwp.dll+0xf0a8]
C  [jdwp.dll+0x1f2d5]
C  [jdwp.dll+0x1f4aa]
V  [jvm.dll+0x1bbf38]
V  [jvm.dll+0x243ae4]
V  [jvm.dll+0x29a99a]
C  [msvcr100.dll+0x21d9f]
C  [msvcr100.dll+0x21e3b]
C  [KERNEL32.DLL+0x13d2]
C  [ntdll.dll+0x154e4]


---------------  P R O C E S S  ---------------

Java Threads: ( => current thread )
  0x000000001fcdf800 JavaThread "http-nio-8080-exec-10" daemon [_thread_blocked, id=7540, stack(0x0000000029710000,0x0000000029810000)]
  0x000000001fcde800 JavaThread "http-nio-8080-exec-9" daemon [_thread_blocked, id=3792, stack(0x0000000029610000,0x0000000029710000)]
  0x000000001fcdb800 JavaThread "http-nio-8080-exec-8" daemon [_thread_blocked, id=10088, stack(0x0000000029510000,0x0000000029610000)]
  0x000000001fcdb000 JavaThread "http-nio-8080-exec-7" daemon [_thread_blocked, id=8196, stack(0x0000000029410000,0x0000000029510000)]
  0x000000001fcde000 JavaThread "http-nio-8080-exec-6" daemon [_thread_blocked, id=9588, stack(0x0000000026720000,0x0000000026820000)]
  0x000000001fcdd000 JavaThread "http-nio-8080-exec-5" daemon [_thread_blocked, id=6504, stack(0x0000000027250000,0x0000000027350000)]
  0x000000001fcd8800 JavaThread "http-nio-8080-exec-4" daemon [_thread_blocked, id=10068, stack(0x0000000026b20000,0x0000000026c20000)]
  0x000000001fcd8000 JavaThread "http-nio-8080-exec-3" daemon [_thread_blocked, id=7360, stack(0x0000000026920000,0x0000000026a20000)]
  0x000000001fcda000 JavaThread "http-nio-8080-exec-2" daemon [_thread_blocked, id=7980, stack(0x0000000023150000,0x0000000023250000)]
  0x000000001fcd9800 JavaThread "http-nio-8080-exec-1" daemon [_thread_blocked, id=3824, stack(0x0000000026a20000,0x0000000026b20000)]
  0x000000001fcd7000 JavaThread "DestroyJavaVM" [_thread_blocked, id=8504, stack(0x0000000002610000,0x0000000002710000)]
  0x000000001c1f5000 JavaThread "http-nio-8080-AsyncTimeout" daemon [_thread_blocked, id=9248, stack(0x0000000026ce0000,0x0000000026de0000)]
  0x000000001c1f7800 JavaThread "http-nio-8080-Acceptor-0" daemon [_thread_in_native, id=248, stack(0x0000000026620000,0x0000000026720000)]
  0x000000001c1f6800 JavaThread "http-nio-8080-ClientPoller-1" daemon [_thread_in_native, id=10464, stack(0x0000000024ac0000,0x0000000024bc0000)]
  0x000000001c1f8000 JavaThread "http-nio-8080-ClientPoller-0" daemon [_thread_in_native, id=9236, stack(0x000000001f560000,0x000000001f660000)]
  0x000000001c1f3000 JavaThread "NioBlockingSelector.BlockPoller-1" daemon [_thread_in_native, id=7444, stack(0x000000001da90000,0x000000001db90000)]
  0x000000001fed9000 JavaThread "Abandoned connection cleanup thread" daemon [_thread_blocked, id=196, stack(0x0000000023530000,0x0000000023630000)]
  0x0000000021944800 JavaThread "container-0" [_thread_blocked, id=8300, stack(0x0000000020dd0000,0x0000000020ed0000)]
  0x000000002193f000 JavaThread "ContainerBackgroundProcessor[StandardEngine[Tomcat].StandardHost[localhost].StandardContext[]]" daemon [_thread_blocked, id=10232, stack(0x0000000020cd0000,0x0000000020dd0000)]
  0x000000001bbc1000 JavaThread "Service Thread" daemon [_thread_blocked, id=7036, stack(0x000000001c360000,0x000000001c460000)]
  0x000000001b328000 JavaThread "C1 CompilerThread2" daemon [_thread_blocked, id=8648, stack(0x000000001ba60000,0x000000001bb60000)]
  0x000000001b2b2000 JavaThread "C2 CompilerThread1" daemon [_thread_blocked, id=8568, stack(0x000000001b960000,0x000000001ba60000)]
  0x000000001b2b1800 JavaThread "C2 CompilerThread0" daemon [_thread_blocked, id=7836, stack(0x000000001b860000,0x000000001b960000)]
  0x0000000019c09800 JavaThread "JDWP Command Reader" daemon [_thread_in_native, id=10604, stack(0x000000001b760000,0x000000001b860000)]
  0x0000000019bfb800 JavaThread "JDWP Event Helper Thread" daemon [_thread_blocked, id=9108, stack(0x000000001b660000,0x000000001b760000)]
=>0x0000000019bf1800 JavaThread "JDWP Transport Listener: dt_socket" daemon [_thread_in_vm, id=7184, stack(0x000000001b560000,0x000000001b660000)]
  0x0000000019bd4800 JavaThread "Attach Listener" daemon [_thread_blocked, id=1936, stack(0x000000001b460000,0x000000001b560000)]
  0x0000000019bbe800 JavaThread "Signal Dispatcher" daemon [_thread_blocked, id=9160, stack(0x000000001b360000,0x000000001b460000)]
  0x0000000019bb0000 JavaThread "Finalizer" daemon [_thread_blocked, id=9900, stack(0x000000001ae10000,0x000000001af10000)]
  0x0000000002bb7000 JavaThread "Reference Handler" daemon [_thread_blocked, id=7892, stack(0x000000001ad10000,0x000000001ae10000)]

Other Threads:
  0x0000000019b86000 VMThread [stack: 0x000000001ac10000,0x000000001ad10000] [id=4872]
  0x000000001b30d000 WatcherThread [stack: 0x000000001c460000,0x000000001c560000] [id=9388]

VM state:not at safepoint (normal execution)

VM Mutex/Monitor currently owned by a thread: None

Heap:
 PSYoungGen      total 793600K, used 229667K [0x0000000781600000, 0x00000007b4300000, 0x00000007c0000000)
  eden space 773120K, 27% used [0x0000000781600000,0x000000078e24b870,0x00000007b0900000)
  from space 20480K, 99% used [0x00000007b2f00000,0x00000007b42fd620,0x00000007b4300000)
  to   space 28672K, 0% used [0x00000007b0b00000,0x00000007b0b00000,0x00000007b2700000)
 ParOldGen       total 115200K, used 46946K [0x0000000704200000, 0x000000070b280000, 0x0000000781600000)
  object space 115200K, 40% used [0x0000000704200000,0x0000000706fd8bc8,0x000000070b280000)
 Metaspace       used 54362K, capacity 54990K, committed 55168K, reserved 1097728K
  class space    used 6912K, capacity 7036K, committed 7040K, reserved 1048576K

Card table byte_map: [0x0000000012080000,0x0000000012660000] byte_map_base: 0x000000000e85f000

Marking Bits: (ParMarkBitMap*) 0x0000000071b72f70
 Begin Bits: [0x0000000012e50000, 0x0000000015d48000)
 End Bits:   [0x0000000015d48000, 0x0000000018c40000)

Polling page: 0x0000000000e90000

CodeCache: size=245760Kb used=20072Kb max_used=20132Kb free=225687Kb
 bounds [0x0000000002cc0000, 0x00000000040b0000, 0x0000000011cc0000]
 total_blobs=6091 nmethods=5561 adapters=449
 compilation: enabled

Compilation events (10 events):
Event: 2595.359 Thread 0x000000001b328000 6808   !   3       org.apache.catalina.core.ContainerBase::backgroundProcess (168 bytes)
Event: 2595.363 Thread 0x000000001b328000 nmethod 6808 0x0000000003ff6350 code [0x0000000003ff6640, 0x0000000003ff7e38]
Event: 2595.364 Thread 0x000000001b328000 6809       3       org.apache.catalina.mapper.MapperListener::lifecycleEvent (178 bytes)
Event: 2595.367 Thread 0x000000001b328000 nmethod 6809 0x0000000003fde790 code [0x0000000003fdea40, 0x0000000003fe0478]
Event: 2865.361 Thread 0x000000001b328000 6810       1       org.apache.catalina.loader.WebappLoader::getClassLoader (5 bytes)
Event: 2865.362 Thread 0x000000001b328000 nmethod 6810 0x0000000003ff6090 code [0x0000000003ff61e0, 0x0000000003ff62f0]
Event: 2892.583 Thread 0x000000001b2b1800 6811   !   4       org.apache.tomcat.util.net.NioEndpoint$Poller::timeout (493 bytes)
Event: 2892.623 Thread 0x000000001b2b1800 nmethod 6811 0x0000000003fd8a50 code [0x0000000003fd8cc0, 0x0000000003fd9c50]
Event: 3225.369 Thread 0x000000001b328000 6812       3       java.util.concurrent.locks.ReentrantReadWriteLock$Sync::tryAcquireShared (177 bytes)
Event: 3225.373 Thread 0x000000001b328000 nmethod 6812 0x0000000003fdcf10 code [0x0000000003fdd140, 0x0000000003fde188]

GC Heap History (10 events):
Event: 11.145 GC heap before
{Heap before GC invocations=10 (full 1):
 PSYoungGen      total 403456K, used 385024K [0x0000000781600000, 0x000000079b200000, 0x00000007c0000000)
  eden space 385024K, 100% used [0x0000000781600000,0x0000000798e00000,0x0000000798e00000)
  from space 18432K, 0% used [0x000000079a000000,0x000000079a000000,0x000000079b200000)
  to   space 18432K, 0% used [0x0000000798e00000,0x0000000798e00000,0x000000079a000000)
 ParOldGen       total 77824K, used 13867K [0x0000000704200000, 0x0000000708e00000, 0x0000000781600000)
  object space 77824K, 17% used [0x0000000704200000,0x0000000704f8adb8,0x0000000708e00000)
 Metaspace       used 22165K, capacity 22492K, committed 22832K, reserved 1069056K
  class space    used 2776K, capacity 2861K, committed 2944K, reserved 1048576K
Event: 11.166 GC heap after
Heap after GC invocations=10 (full 1):
 PSYoungGen      total 403456K, used 14091K [0x0000000781600000, 0x00000007a6400000, 0x00000007c0000000)
  eden space 385024K, 0% used [0x0000000781600000,0x0000000781600000,0x0000000798e00000)
  from space 18432K, 76% used [0x0000000798e00000,0x0000000799bc2d50,0x000000079a000000)
  to   space 19456K, 0% used [0x00000007a5100000,0x00000007a5100000,0x00000007a6400000)
 ParOldGen       total 77824K, used 13867K [0x0000000704200000, 0x0000000708e00000, 0x0000000781600000)
  object space 77824K, 17% used [0x0000000704200000,0x0000000704f8adb8,0x0000000708e00000)
 Metaspace       used 22165K, capacity 22492K, committed 22832K, reserved 1069056K
  class space    used 2776K, capacity 2861K, committed 2944K, reserved 1048576K
}
Event: 15.085 GC heap before
{Heap before GC invocations=11 (full 1):
 PSYoungGen      total 403456K, used 399115K [0x0000000781600000, 0x00000007a6400000, 0x00000007c0000000)
  eden space 385024K, 100% used [0x0000000781600000,0x0000000798e00000,0x0000000798e00000)
  from space 18432K, 76% used [0x0000000798e00000,0x0000000799bc2d50,0x000000079a000000)
  to   space 19456K, 0% used [0x00000007a5100000,0x00000007a5100000,0x00000007a6400000)
 ParOldGen       total 77824K, used 13867K [0x0000000704200000, 0x0000000708e00000, 0x0000000781600000)
  object space 77824K, 17% used [0x0000000704200000,0x0000000704f8adb8,0x0000000708e00000)
 Metaspace       used 29766K, capacity 30136K, committed 30592K, reserved 1075200K
  class space    used 3746K, capacity 3863K, committed 3968K, reserved 1048576K
Event: 15.109 GC heap after
Heap after GC invocations=11 (full 1):
 PSYoungGen      total 567296K, used 12258K [0x0000000781600000, 0x00000007a5d00000, 0x00000007c0000000)
  eden space 555008K, 0% used [0x0000000781600000,0x0000000781600000,0x00000007a3400000)
  from space 12288K, 99% used [0x00000007a5100000,0x00000007a5cf8bd8,0x00000007a5d00000)
  to   space 18944K, 0% used [0x00000007a3800000,0x00000007a3800000,0x00000007a4a80000)
 ParOldGen       total 77824K, used 13867K [0x0000000704200000, 0x0000000708e00000, 0x0000000781600000)
  object space 77824K, 17% used [0x0000000704200000,0x0000000704f8adb8,0x0000000708e00000)
 Metaspace       used 29766K, capacity 30136K, committed 30592K, reserved 1075200K
  class space    used 3746K, capacity 3863K, committed 3968K, reserved 1048576K
}
Event: 17.364 GC heap before
{Heap before GC invocations=12 (full 1):
 PSYoungGen      total 567296K, used 299812K [0x0000000781600000, 0x00000007a5d00000, 0x00000007c0000000)
  eden space 555008K, 51% used [0x0000000781600000,0x0000000792ed0630,0x00000007a3400000)
  from space 12288K, 99% used [0x00000007a5100000,0x00000007a5cf8bd8,0x00000007a5d00000)
  to   space 18944K, 0% used [0x00000007a3800000,0x00000007a3800000,0x00000007a4a80000)
 ParOldGen       total 77824K, used 13867K [0x0000000704200000, 0x0000000708e00000, 0x0000000781600000)
  object space 77824K, 17% used [0x0000000704200000,0x0000000704f8adb8,0x0000000708e00000)
 Metaspace       used 34986K, capacity 35294K, committed 35496K, reserved 1081344K
  class space    used 4499K, capacity 4600K, committed 4608K, reserved 1048576K
Event: 17.400 GC heap after
Heap after GC invocations=12 (full 1):
 PSYoungGen      total 578048K, used 16280K [0x0000000781600000, 0x00000007b4300000, 0x00000007c0000000)
  eden space 559104K, 0% used [0x0000000781600000,0x0000000781600000,0x00000007a3800000)
  from space 18944K, 85% used [0x00000007a3800000,0x00000007a47e62f8,0x00000007a4a80000)
  to   space 20480K, 0% used [0x00000007b2f00000,0x00000007b2f00000,0x00000007b4300000)
 ParOldGen       total 77824K, used 20160K [0x0000000704200000, 0x0000000708e00000, 0x0000000781600000)
  object space 77824K, 25% used [0x0000000704200000,0x00000007055b02a0,0x0000000708e00000)
 Metaspace       used 34986K, capacity 35294K, committed 35496K, reserved 1081344K
  class space    used 4499K, capacity 4600K, committed 4608K, reserved 1048576K
}
Event: 17.400 GC heap before
{Heap before GC invocations=13 (full 2):
 PSYoungGen      total 578048K, used 16280K [0x0000000781600000, 0x00000007b4300000, 0x00000007c0000000)
  eden space 559104K, 0% used [0x0000000781600000,0x0000000781600000,0x00000007a3800000)
  from space 18944K, 85% used [0x00000007a3800000,0x00000007a47e62f8,0x00000007a4a80000)
  to   space 20480K, 0% used [0x00000007b2f00000,0x00000007b2f00000,0x00000007b4300000)
 ParOldGen       total 77824K, used 20160K [0x0000000704200000, 0x0000000708e00000, 0x0000000781600000)
  object space 77824K, 25% used [0x0000000704200000,0x00000007055b02a0,0x0000000708e00000)
 Metaspace       used 34986K, capacity 35294K, committed 35496K, reserved 1081344K
  class space    used 4499K, capacity 4600K, committed 4608K, reserved 1048576K
Event: 17.520 GC heap after
Heap after GC invocations=13 (full 2):
 PSYoungGen      total 578048K, used 0K [0x0000000781600000, 0x00000007b4300000, 0x00000007c0000000)
  eden space 559104K, 0% used [0x0000000781600000,0x0000000781600000,0x00000007a3800000)
  from space 18944K, 0% used [0x00000007a3800000,0x00000007a3800000,0x00000007a4a80000)
  to   space 20480K, 0% used [0x00000007b2f00000,0x00000007b2f00000,0x00000007b4300000)
 ParOldGen       total 115200K, used 31787K [0x0000000704200000, 0x000000070b280000, 0x0000000781600000)
  object space 115200K, 27% used [0x0000000704200000,0x000000070610ae28,0x000000070b280000)
 Metaspace       used 34986K, capacity 35294K, committed 35496K, reserved 1081344K
  class space    used 4499K, capacity 4600K, committed 4608K, reserved 1048576K
}
Event: 30.426 GC heap before
{Heap before GC invocations=14 (full 2):
 PSYoungGen      total 578048K, used 559104K [0x0000000781600000, 0x00000007b4300000, 0x00000007c0000000)
  eden space 559104K, 100% used [0x0000000781600000,0x00000007a3800000,0x00000007a3800000)
  from space 18944K, 0% used [0x00000007a3800000,0x00000007a3800000,0x00000007a4a80000)
  to   space 20480K, 0% used [0x00000007b2f00000,0x00000007b2f00000,0x00000007b4300000)
 ParOldGen       total 115200K, used 31787K [0x0000000704200000, 0x000000070b280000, 0x0000000781600000)
  object space 115200K, 27% used [0x0000000704200000,0x000000070610ae28,0x000000070b280000)
 Metaspace       used 50142K, capacity 50676K, committed 50816K, reserved 1093632K
  class space    used 6377K, capacity 6497K, committed 6528K, reserved 1048576K
Event: 30.489 GC heap after
Heap after GC invocations=14 (full 2):
 PSYoungGen      total 793600K, used 20469K [0x0000000781600000, 0x00000007b4300000, 0x00000007c0000000)
  eden space 773120K, 0% used [0x0000000781600000,0x0000000781600000,0x00000007b0900000)
  from space 20480K, 99% used [0x00000007b2f00000,0x00000007b42fd620,0x00000007b4300000)
  to   space 28672K, 0% used [0x00000007b0b00000,0x00000007b0b00000,0x00000007b2700000)
 ParOldGen       total 115200K, used 46946K [0x0000000704200000, 0x000000070b280000, 0x0000000781600000)
  object space 115200K, 40% used [0x0000000704200000,0x0000000706fd8bc8,0x000000070b280000)
 Metaspace       used 50142K, capacity 50676K, committed 50816K, reserved 1093632K
  class space    used 6377K, capacity 6497K, committed 6528K, reserved 1048576K
}

Deoptimization events (10 events):
Event: 48.876 Thread 0x000000001fcd9800 Uncommon trap: reason=bimorphic action=maybe_recompile pc=0x0000000002e568c8 method=java.util.AbstractList$Itr.next()Ljava/lang/Object; @ 14
Event: 48.888 Thread 0x000000001fcd9800 Uncommon trap: reason=bimorphic action=maybe_recompile pc=0x0000000002e568c8 method=java.util.AbstractList$Itr.next()Ljava/lang/Object; @ 14
Event: 733.546 Thread 0x000000001c1f8000 Uncommon trap: reason=unstable_if action=reinterpret pc=0x00000000037b36dc method=sun.nio.ch.WindowsSelectorImpl$SubSelector.processFDSet(J[IIZ)I @ 11
Event: 734.007 Thread 0x000000001fcda000 Uncommon trap: reason=unstable_if action=reinterpret pc=0x0000000003b84528 method=oracle.jdbc.driver.T4CSocketInputStreamWrapper.read([BII)I @ 14
Event: 734.222 Thread 0x000000001fcda000 Uncommon trap: reason=unstable_if action=reinterpret pc=0x0000000003b72ac0 method=oracle.sql.CharacterSet.convertAL32UTF8BytesToJavaChars([BI[CI[IZI)I @ 151
Event: 734.285 Thread 0x000000001fcda000 Uncommon trap: reason=unstable_if action=reinterpret pc=0x000000000326e914 method=java.lang.Character.isSurrogate(C)Z @ 3
Event: 750.852 Thread 0x000000001fcd8000 Uncommon trap: reason=unstable_if action=reinterpret pc=0x0000000003b80c68 method=oracle.jdbc.driver.T4CSocketInputStreamWrapper.read([BII)I @ 14
Event: 868.121 Thread 0x000000001fcd8800 Uncommon trap: reason=unstable_if action=reinterpret pc=0x0000000003b82ef4 method=oracle.jdbc.driver.T4CSocketInputStreamWrapper.read([BII)I @ 14
Event: 1398.361 Thread 0x000000001fcdd000 Uncommon trap: reason=unstable_if action=reinterpret pc=0x00000000033dbc34 method=java.lang.CharacterDataLatin1.digit(II)I @ 82
Event: 3472.650 Thread 0x0000000019bf1800 Uncommon trap: reason=unstable_if action=reinterpret pc=0x000000000366141c method=org.groovy.debug.hotswap.ResetAgent$1.transform(Ljava/lang/ClassLoader;Ljava/lang/String;Ljava/lang/Class;Ljava/security/ProtectionDomain;[B)[B @ 1

Internal exceptions (10 events):
Event: 48.282 Thread 0x000000001fcd9800 Exception <a 'java/lang/ClassNotFoundException': org/springframework/web/servlet/support/AbstractFlashMapManagerCustomizer> (0x00000007889566a0) thrown at [C:\re\workspace\8-2-build-windows-amd64-cygwin\jdk8u91\7017\hotspot\src\share\vm\classfile\systemDic2“uw$H@
Event: 48.285 Thread 0x000000001fcd9800 Exception <a 'java/lang/ClassNotFoundException': org/springframework/web/servlet/support/SessionFlashMapManagerCustomizer> (0x000000078898bce8) thrown at [C:\re\workspace\8-2-build-windows-amd64-cygwin\jdk8u91\7017\hotspot\src\share\vm\classfile\systemDict›ð+qÑ$H@
Event: 48.288 Thread 0x000000001fcd9800 Exception <a 'java/lang/ClassNotFoundException': org/springframework/web/servlet/FlashMapManagerCustomizer> (0x00000007889b6ef0) thrown at [C:\re\workspace\8-2-build-windows-amd64-cygwin\jdk8u91\7017\hotspot\src\share\vm\classfile\systemDictionary.cpp, lin‰ÖÈ©.H@
Event: 48.365 Thread 0x000000001fcd9800 Implicit null exception at 0x0000000003ff6d74 to 0x0000000004006dc5
Event: 48.828 Thread 0x000000001fcd9800 Exception <a 'java/lang/reflect/InvocationTargetException'> (0x00000007896f1128) thrown at [C:\re\workspace\8-2-build-windows-amd64-cygwin\jdk8u91\7017\hotspot\src\share\vm\runtime\reflection.cpp, line 1092]
Event: 734.071 Thread 0x000000001fcda000 Exception <a 'java/lang/ClassNotFoundException': java/lang/ObjectCustomizer> (0x000000078a8a6280) thrown at [C:\re\workspace\8-2-build-windows-amd64-cygwin\jdk8u91\7017\hotspot\src\share\vm\classfile\systemDictionary.cpp, line 210]
Event: 734.074 Thread 0x000000001fcda000 Exception <a 'java/lang/ClassNotFoundException': com/hzbuvi/quiz/section/entity/UserSectionCustomizer> (0x000000078a8d1db8) thrown at [C:\re\workspace\8-2-build-windows-amd64-cygwin\jdk8u91\7017\hotspot\src\share\vm\classfile\systemDictionary.cpp, line 210 ‰<Øv‡@
Event: 750.856 Thread 0x000000001fcd8000 Exception <a 'java/lang/reflect/InvocationTargetException'> (0x000000078b0743b8) thrown at [C:\re\workspace\8-2-build-windows-amd64-cygwin\jdk8u91\7017\hotspot\src\share\vm\runtime\reflection.cpp, line 1092]
Event: 1212.978 Thread 0x000000001fcde000 Exception <a 'java/lang/reflect/InvocationTargetException'> (0x000000078bbc1190) thrown at [C:\re\workspace\8-2-build-windows-amd64-cygwin\jdk8u91\7017\hotspot\src\share\vm\runtime\reflection.cpp, line 1092]
Event: 1246.067 Thread 0x000000001fcd9800 Exception <a 'java/lang/reflect/InvocationTargetException'> (0x0000000789efdd30) thrown at [C:\re\workspace\8-2-build-windows-amd64-cygwin\jdk8u91\7017\hotspot\src\share\vm\runtime\reflection.cpp, line 1092]

Events (10 events):
Event: 3472.615 Executing VM operation: ChangeBreakpoints done
Event: 3472.639 Executing VM operation: ChangeBreakpoints
Event: 3472.639 Executing VM operation: ChangeBreakpoints done
Event: 3472.650 Thread 0x0000000019bf1800 Uncommon trap: trap_request=0xffffff65 fr.pc=0x000000000366141c
Event: 3472.650 Thread 0x0000000019bf1800 DEOPT PACKING pc=0x000000000366141c sp=0x000000001b65e010
Event: 3472.650 Thread 0x0000000019bf1800 DEOPT UNPACKING pc=0x0000000002d0582a sp=0x000000001b65df28 mode 2
Event: 3472.651 Thread 0x0000000019bf1800 DEOPT PACKING pc=0x0000000003a70a41 sp=0x000000001b65dee0
Event: 3472.651 Thread 0x0000000019bf1800 DEOPT UNPACKING pc=0x0000000002d0787f sp=0x000000001b65dc28 mode 1
Event: 3472.665 Executing VM operation: RedefineClasses
Event: 3472.729 Executing VM operation: RedefineClasses done


Dynamic libraries:
0x00007ff685f00000 - 0x00007ff685f37000 	D:\Java\jdk1.8.0_91\bin\java.exe
0x00007ffaa7300000 - 0x00007ffaa74ad000 	C:\WINDOWS\SYSTEM32\ntdll.dll
0x00007ffaa63e0000 - 0x00007ffaa651e000 	C:\WINDOWS\system32\KERNEL32.DLL
0x00007ffaa4760000 - 0x00007ffaa4875000 	C:\WINDOWS\system32\KERNELBASE.dll
0x00007ffaa2ff0000 - 0x00007ffaa307e000 	C:\WINDOWS\system32\apphelp.dll
0x00007ffa96c90000 - 0x00007ffa96ce3000 	C:\WINDOWS\AppPatch\AppPatch64\AcGenral.DLL
0x00007ffaa5fd0000 - 0x00007ffaa607a000 	C:\WINDOWS\system32\msvcrt.dll
0x00007ffaa4550000 - 0x00007ffaa457e000 	C:\WINDOWS\system32\SspiCli.dll
0x00007ffaa70e0000 - 0x00007ffaa7134000 	C:\WINDOWS\system32\SHLWAPI.dll
0x00007ffaa6b60000 - 0x00007ffaa6cd7000 	C:\WINDOWS\system32\USER32.dll
0x00007ffaa6080000 - 0x00007ffaa6214000 	C:\WINDOWS\system32\ole32.dll
0x00007ffaa4a40000 - 0x00007ffaa5f68000 	C:\WINDOWS\system32\SHELL32.dll
0x00007ffaa39f0000 - 0x00007ffaa3a11000 	C:\WINDOWS\SYSTEM32\USERENV.dll
0x00007ffaa7140000 - 0x00007ffaa71ea000 	C:\WINDOWS\system32\ADVAPI32.dll
0x00007ffa996d0000 - 0x00007ffa996ee000 	C:\WINDOWS\SYSTEM32\MPR.dll
0x00007ffaa65a0000 - 0x00007ffaa66e0000 	C:\WINDOWS\system32\RPCRT4.dll
0x00007ffaa5f70000 - 0x00007ffaa5fc9000 	C:\WINDOWS\SYSTEM32\sechost.dll
0x00007ffaa66f0000 - 0x00007ffaa6901000 	C:\WINDOWS\SYSTEM32\combase.dll
0x00007ffaa6a10000 - 0x00007ffaa6b5f000 	C:\WINDOWS\system32\GDI32.dll
0x00007ffaa4420000 - 0x00007ffaa4435000 	C:\WINDOWS\SYSTEM32\profapi.dll
0x00007ffaa29a0000 - 0x00007ffaa2a52000 	C:\WINDOWS\SYSTEM32\SHCORE.dll
0x00007ffaa72c0000 - 0x00007ffaa72f6000 	C:\WINDOWS\system32\IMM32.DLL
0x00007ffaa6da0000 - 0x00007ffaa6ef2000 	C:\WINDOWS\system32\MSCTF.dll
0x00007ffaa2370000 - 0x00007ffaa25eb000 	C:\WINDOWS\WinSxS\amd64_microsoft.windows.common-controls_6595b64144ccf1df_6.0.9600.18006_none_623f33d3ecbe86e8\COMCTL32.dll
0x0000000070ee0000 - 0x0000000070fb2000 	D:\Java\jdk1.8.0_91\jre\bin\msvcr100.dll
0x0000000071360000 - 0x0000000071bf3000 	D:\Java\jdk1.8.0_91\jre\bin\server\jvm.dll
0x00007ffa9c350000 - 0x00007ffa9c359000 	C:\WINDOWS\SYSTEM32\WSOCK32.dll
0x00007ffa9ae80000 - 0x00007ffa9aea2000 	C:\WINDOWS\SYSTEM32\WINMM.dll
0x00007ffa9c340000 - 0x00007ffa9c34a000 	C:\WINDOWS\SYSTEM32\VERSION.dll
0x00007ffaa6520000 - 0x00007ffaa6527000 	C:\WINDOWS\system32\PSAPI.DLL
0x00007ffaa6540000 - 0x00007ffaa659a000 	C:\WINDOWS\system32\WS2_32.dll
0x00007ffa9ae50000 - 0x00007ffa9ae7a000 	C:\WINDOWS\SYSTEM32\WINMMBASE.dll
0x00007ffaa6a00000 - 0x00007ffaa6a09000 	C:\WINDOWS\system32\NSI.dll
0x00007ffaa4880000 - 0x00007ffaa48cf000 	C:\WINDOWS\SYSTEM32\cfgmgr32.dll
0x00007ffaa3250000 - 0x00007ffaa3278000 	C:\WINDOWS\SYSTEM32\DEVOBJ.dll
0x0000000071350000 - 0x000000007135f000 	D:\Java\jdk1.8.0_91\jre\bin\verify.dll
0x0000000071320000 - 0x0000000071349000 	D:\Java\jdk1.8.0_91\jre\bin\java.dll
0x0000000070e50000 - 0x0000000070e85000 	D:\Java\jdk1.8.0_91\jre\bin\jdwp.dll
0x0000000070e40000 - 0x0000000070e48000 	D:\Java\jdk1.8.0_91\jre\bin\npt.dll
0x0000000070e10000 - 0x0000000070e33000 	D:\Java\jdk1.8.0_91\jre\bin\instrument.dll
0x0000000071300000 - 0x0000000071316000 	D:\Java\jdk1.8.0_91\jre\bin\zip.dll
0x0000000070e00000 - 0x0000000070e09000 	D:\Java\jdk1.8.0_91\jre\bin\dt_socket.dll
0x00007ffaa3cc0000 - 0x00007ffaa3d19000 	C:\WINDOWS\system32\mswsock.dll
0x00000000710c0000 - 0x00000000710cd000 	D:\Java\jdk1.8.0_91\jre\bin\management.dll
0x00000000712e0000 - 0x00000000712fa000 	D:\Java\jdk1.8.0_91\jre\bin\net.dll
0x00007ffa9b5d0000 - 0x00007ffa9b5e5000 	C:\WINDOWS\system32\napinsp.dll
0x00007ffa9b400000 - 0x00007ffa9b41a000 	C:\WINDOWS\system32\pnrpnsp.dll
0x00007ffaa0850000 - 0x00007ffaa086b000 	C:\WINDOWS\system32\NLAapi.dll
0x00007ffaa3a60000 - 0x00007ffaa3b04000 	C:\WINDOWS\SYSTEM32\DNSAPI.dll
0x00007ffa9b3f0000 - 0x00007ffa9b3fd000 	C:\WINDOWS\System32\winrnr.dll
0x00007ffa9b3d0000 - 0x00007ffa9b3e4000 	C:\WINDOWS\system32\wshbth.dll
0x00007ffa9bc80000 - 0x00007ffa9bc8a000 	C:\Windows\System32\rasadhlp.dll
0x00007ffa9f210000 - 0x00007ffa9f23a000 	C:\WINDOWS\SYSTEM32\IPHLPAPI.DLL
0x00007ffa9f200000 - 0x00007ffa9f20a000 	C:\WINDOWS\SYSTEM32\WINNSI.DLL
0x00007ffa9ee50000 - 0x00007ffa9eebb000 	C:\WINDOWS\System32\fwpuclnt.dll
0x00000000712c0000 - 0x00000000712d1000 	D:\Java\jdk1.8.0_91\jre\bin\nio.dll
0x00007ffaa3d20000 - 0x00007ffaa3d40000 	C:\WINDOWS\SYSTEM32\CRYPTSP.dll
0x00007ffaa38e0000 - 0x00007ffaa3916000 	C:\WINDOWS\system32\rsaenh.dll
0x00007ffaa3fe0000 - 0x00007ffaa4006000 	C:\WINDOWS\SYSTEM32\bcrypt.dll
0x00007ffaa42f0000 - 0x00007ffaa4353000 	C:\WINDOWS\system32\bcryptprimitives.dll
0x00007ffaa4360000 - 0x00007ffaa436b000 	C:\WINDOWS\SYSTEM32\CRYPTBASE.dll
0x00007ffa9ee20000 - 0x00007ffa9ee36000 	C:\WINDOWS\SYSTEM32\dhcpcsvc6.DLL
0x00007ffa9ed40000 - 0x00007ffa9ed5a000 	C:\WINDOWS\SYSTEM32\dhcpcsvc.DLL
0x00007ffa9c3c0000 - 0x00007ffa9c549000 	C:\WINDOWS\SYSTEM32\dbghelp.dll

VM Arguments:
jvm_args: -agentlib:jdwp=transport=dt_socket,address=127.0.0.1:4978,suspend=y,server=n -javaagent:C:\Users\root\.IntelliJIdea2016.2\system\groovyHotSwap\gragent.jar -Dfile.encoding=UTF-8 
java_command: com.hzbuvi.quiz.ApiStart
java_class_path (initial): D:\Java\jdk1.8.0_91\jre\lib\charsets.jar;D:\Java\jdk1.8.0_91\jre\lib\deploy.jar;D:\Java\jdk1.8.0_91\jre\lib\ext\access-bridge-64.jar;D:\Java\jdk1.8.0_91\jre\lib\ext\cldrdata.jar;D:\Java\jdk1.8.0_91\jre\lib\ext\dnsns.jar;D:\Java\jdk1.8.0_91\jre\lib\ext\jaccess.jar;D:\Java\jdk1.8.0_91\jre\lib\ext\jfxrt.jar;D:\Java\jdk1.8.0_91\jre\lib\ext\localedata.jar;D:\Java\jdk1.8.0_91\jre\lib\ext\nashorn.jar;D:\Java\jdk1.8.0_91\jre\lib\ext\sunec.jar;D:\Java\jdk1.8.0_91\jre\lib\ext\sunjce_provider.jar;D:\Java\jdk1.8.0_91\jre\lib\ext\sunmscapi.jar;D:\Java\jdk1.8.0_91\jre\lib\ext\sunpkcs11.jar;D:\Java\jdk1.8.0_91\jre\lib\ext\zipfs.jar;D:\Java\jdk1.8.0_91\jre\lib\javaws.jar;D:\Java\jdk1.8.0_91\jre\lib\jce.jar;D:\Java\jdk1.8.0_91\jre\lib\jfr.jar;D:\Java\jdk1.8.0_91\jre\lib\jfxswt.jar;D:\Java\jdk1.8.0_91\jre\lib\jsse.jar;D:\Java\jdk1.8.0_91\jre\lib\management-agent.jar;D:\Java\jdk1.8.0_91\jre\lib\plugin.jar;D:\Java\jdk1.8.0_91\jre\lib\resources.jar;D:\Java\jdk1.8.0_91\jre\lib\rt.jar;D:\ideaworkstation\quiz\api-quiz\build\classes\main;D:\ideaworkstation\quiz\api-quiz\build\resources\main;D:\ideaworkstation\quiz\lib\commons-collections4-4.1.jar;D:\ideaworkstation\quiz\lib\condition-1.0-SNAPSHOT.jar;D:\ideaworkstation\quiz\lib\poi-ooxml-schemas-3.15.jar;D:\ideaworkstation\quiz\lib\m-page-util-1.0-SNAPSHOT.jar;D:\ideaworkstation\quiz\lib\poi-3.15.jar;D:\ideaworkstation\quiz\lib\util-1.0-SNAPSHOT.jar;D:\ideaworkstation\quiz\lib\poi-ooxml-3.15.jar;D:\ideaworkstation\quiz\lib\ojdbc6.jar;D:\ideaworkstation\quiz\lib\person-1.0-SNAPSHOT.jar;D:\ideaworkstation\quiz\lib\xmlbeans-2.6.0.jar;C:\Users\root\.gradle\caches\modules-2\files-2.1\org.springframework.boot\spring-boot-starter-web\1.4.0.RELEASE\bcefa854b75a7e0bcf612bfbe030bdcb05c9da82\spring-boot-starter-web-1.4.0.RELEASE.jar;C:\Users\root\.gradle\caches\modules-2\files-2.1\com.google.code.gson\gson\2.7\751f548c85fa49f330cecbb1875893f971b33c4e\gson-2.7.jar;D:\ideaworkstation\quiz\m-activity\build\classes\main;D:\ide
Launcher Type: SUN_STANDARD

Environment Variables:
JAVA_HOME=D:\Java\jdk1.8.0_91
CLASSPATH=.;D:\Java\jdk1.8.0_91\lib;D:\Java\jdk1.8.0_91\lib\tools.jar
PATH=C:\ProgramData\Oracle\Java\javapath;C:\WINDOWS\system32;C:\WINDOWS;C:\WINDOWS\System32\Wbem;C:\WINDOWS\System32\WindowsPowerShell\v1.0\;D:\Java\jdk1.8.0_91\bin;D:\Java\jdk1.8.0_91\jre\bin;D:\TortoiseSVN\bin;D:\apache-maven-3.3.9\bin;C:\Program Files\Git\cmd
USERNAME=root
OS=Windows_NT
PROCESSOR_IDENTIFIER=Intel64 Family 6 Model 61 Stepping 4, GenuineIntel



---------------  S Y S T E M  ---------------

OS: Windows 8.1 , 64 bit Build 9600 (6.3.9600.17415)

CPU:total 4 (2 cores per cpu, 2 threads per core) family 6 model 61 stepping 4, cmov, cx8, fxsr, mmx, sse, sse2, sse3, ssse3, sse4.1, sse4.2, popcnt, avx, avx2, aes, clmul, erms, 3dnowpref, lzcnt, ht, tsc, tscinvbit, bmi1, bmi2, adx

Memory: 4k page, physical 12310716k(6123684k free), swap 14211260k(5944124k free)

vm_info: Java HotSpot(TM) 64-Bit Server VM (25.91-b15) for windows-amd64 JRE (1.8.0_91-b15), built on May 20 2016 17:43:15 by "java_re" with MS VC++ 10.0 (VS2010)

time: Wed Oct 26 14:54:25 2016
elapsed time: 3615 seconds (0d 1h 0m 15s)

